0.490150 106
1.486706 1
0.090858 1
0.132179 2
0.005222 282
0.000062 56
0.000745 106
4.378120 1
0.077133 1
2.713434 4
0.068060 4
0.132753 1
0.420839 1
0.140663 1
0.199592 1
3.679962 1
0.507095 1
0.397706 1
0.301259 1
1.020561 1
0.153779 1
0.559463 1
0.331238 1
0.254893 1
0.186009 1
0.178905 1
0.145758 1
0.983772 1
1.868336 1
0.408922 1
0.147681 1
0.523164 1
0.065573 1
2.579147 4
0.511474 4
0.033496 4
0.034904 4
0.030123 4
0.035235 4
0.031384 4
0.065101 4
0.000153 4
0.031485 4
0.257714 4
0.196256 4
0.280100 4
1.171816 1
0.437026 1
1.565958 1
0.387117 1
0.306636 1
0.393904 1
0.113844 1
1.161034 2
0.330814 106
1.076287 1
0.096086 1
0.584629 1
0.464011 1
0.256882 1
0.302205 1
0.106829 1
0.617264 2
0.004343 33
10.000446 46
13.435329 1
0.002997 1
0.361674 2
0.000217 13
0.960889 1
0.064954 1
0.158291 1
0.219907 1
0.217388 1
1.243624 1
0.200600 1
0.288868 1
0.368293 1
0.194756 1
0.377460 2
0.000262 21
0.635310 1
0.181641 1
0.602091 3
0.348147 1
0.199144 1
0.370420 1
0.176388 1
0.191035 1
0.291037 2
0.000481 31
0.000222 21
1.662048 1
0.061172 1
0.191410 1
0.355851 1
0.160802 1
0.115286 1
0.474327 2
0.000152 25
0.892494 1
0.485850 3
0.348423 1
0.058879 1
0.338350 1
1.335971 1
0.303637 1
0.094142 1
0.524915 1
0.104069 1
0.210617 1
0.082479 1
0.479161 2
0.000038 33
10.000508 46
4.727668 1
0.218212 1
0.141605 1
0.133751 1
0.424825 2
0.000853 106
1.103178 1
0.065140 1
0.636995 1
0.817533 1
0.254587 1
0.243783 1
0.103622 1
0.322299 2
0.002766 33
5.886680 1
0.141851 1
0.122630 1
0.119911 1
0.101613 1
0.166808 1
0.107602 1
0.075536 1
0.326300 1
0.058110 1
0.145700 1
0.069913 1
0.309964 1
0.169667 1
0.056037 1
0.438408 1
0.193817 1
0.170237 1
1.339620 46
1.563098 2
0.000925 36
0.000189 33
0.168535 2
0.000124 33
0.149303 2
0.000084 33
0.531184 2
0.000033 33
0.176790 35
0.160813 2
0.000033 33
0.167427 2
0.000064 33
1.335737 1
0.094298 1
0.173866 1
0.438214 1
0.462982 1
0.057572 1
0.817961 1
0.429672 1
0.429295 1
0.208531 1
0.106406 1
0.197904 1
0.348195 1
0.247373 1
0.471453 1
1.150749 1
0.608284 1
0.493760 1
0.403947 1
0.006419 1
0.244404 1
0.188911 1
0.728337 3
0.188159 3
0.146867 3
0.021103 46
0.160261 3
1.699279 3
0.589170 1
0.111414 1
0.100036 1
0.063425 1
0.321530 2
0.016116 444
0.000052 181
0.000017 57
0.000022 65
0.000019 62
0.000021 62
0.000049 139
0.000017 56
0.000036 129
0.000040 80
0.000015 73
0.000152 17
1.012413 92
0.161119 76
0.000023 17
0.138739 74
0.000023 17
0.147734 77
0.000026 17
0.149819 76
0.000027 17
0.154916 77
0.000029 17
0.146387 63
0.000029 17
0.136460 78
0.000025 17
0.119400 4
0.000480 33
10.000635 46
3.794900 2
0.000140 33
1.329740 1
0.118154 1
0.224050 1
0.705719 1
0.136059 1
0.738161 1
0.257200 1
0.121643 1
0.187734 1
0.291279 1
0.174145 1
0.225664 1
0.296146 1
0.279049 1
0.231791 1
0.177318 2
0.166897 33
0.825253 1
0.188226 1
0.101598 1
0.138637 1
0.585403 1
0.247810 1
0.119946 1
0.215291 1
0.279725 1
0.097940 1
0.385599 1
0.117466 1
0.215564 1
0.229634 1
0.380464 2
0.002151 273
0.000348 33
4.578627 1
0.182289 1
0.092845 1
0.148961 1
0.287203 1
0.194236 1
0.093824 1
0.233023 1
0.082100 1
0.095685 1
0.247198 2
0.000531 55
1.523092 1
0.142819 1
0.577816 1
0.633644 1
0.684725 2
0.000459 35
0.201527 46
0.798880 24
0.000290 40
1.435645 1
4.271920 1
0.699439 1
0.530024 2
0.000266 27
0.000072 8
1.000472 24
0.000260 40
1.577030 1
0.618234 1
0.583309 1
0.288400 2
0.000292 27
0.000195 8
1.000374 23
0.000321 40
0.935504 1
0.247924 1
0.474716 1
0.473280 2
0.000420 35
1.000433 30
0.000342 40
1.454317 1
0.192354 1
0.288739 1
0.080883 1
0.244405 2
0.000302 8
0.000381 33
1.867781 1
0.086587 1
0.331837 1
0.499017 1
0.460787 2
0.000925 106
1.208429 1
0.179011 1
0.124875 1
0.112462 1
0.131276 2
0.000199 6
