0.414701 118
3.758782 1
0.163222 1
0.747498 1
0.821896 1
0.665791 1
1.243822 1
0.232518 1
0.344569 1
0.207949 1
0.144214 1
1.659416 1
0.537899 1
0.278249 1
0.259701 1
0.130946 1
0.551562 2
0.305908 118
1.159506 1
0.074459 1
0.617865 1
0.588262 1
0.244577 1
0.289185 1
0.128773 1
0.963654 2
0.003316 39
1.890533 1
0.058487 1
0.413154 2
0.000319 13
0.982190 1
0.041751 1
0.119291 1
0.729428 1
0.219741 1
0.183766 1
0.165766 1
0.218324 1
0.117977 1
0.187275 1
1.248742 2
0.000194 21
1.421936 1
0.075210 1
0.535708 1
0.583426 1
0.162065 1
0.263860 1
0.003692 1
0.098088 1
3.137852 2
0.000525 49
0.000019 21
1.494912 1
0.056702 1
0.100313 1
1.077868 1
0.221954 1
0.193828 1
0.274237 2
0.000085 25
4.303856 1
0.190907 1
0.153870 1
0.227744 1
0.132262 2
0.000641 118
2.125000 1
0.226508 1
0.120389 1
0.170201 1
1.590066 2
0.000207 6
