0.471654 118
29.026560 1
0.140220 1
0.103720 1
0.791006 4
0.173372 4
0.150616 4
0.121253 1
0.477414 4
0.202783 11
0.519774 22
0.801926 2
0.310610 118
0.552977 15
0.066045 22
1.127018 19
0.651885 18
0.292187 15
0.179517 22
0.160860 11
0.692345 2
0.003088 39
10.000292 46
2.303831 1
0.040701 1
0.705797 1
0.117163 1
0.958712 1
0.156584 1
0.173924 1
0.082740 1
0.222301 1
0.160926 1
0.103464 1
0.555606 1
0.153644 1
0.010317 1
0.180418 1
0.110112 1
0.090079 1
0.130104 1
0.638456 1
0.130904 1
0.194374 1
0.157870 1
0.165868 1
0.165869 1
0.038064 1
0.163431 1
0.500651 1
0.152258 1
0.250100 1
0.297598 1
0.024672 1
0.179282 1
0.075848 1
0.098324 1
0.374106 1
0.185934 1
0.137541 1
0.159801 1
0.191273 1
0.301582 1
0.009603 1
0.078529 1
0.196091 1
0.075896 1
0.365394 1
0.103779 1
0.117270 1
0.161532 1
0.105637 1
0.121947 1
2.194108 1
0.103071 1
0.130954 1
0.418580 1
0.251298 1
0.202652 1
0.448717 2
0.000901 32
0.000275 39
2.140332 1
0.207357 1
0.124595 1
0.133545 1
0.150094 2
0.000849 118
1.312618 1
0.205220 1
0.103380 1
0.467658 4
0.376709 4
0.362138 1
0.234139 1
0.128290 1
0.629984 2
0.000179 6
