0.534207 118
2.637093 1
0.153139 1
0.147931 1
1.730010 1
0.573287 1
0.444068 1
0.382518 1
0.671931 1
0.253472 1
0.139188 1
0.253119 1
0.370823 1
0.244026 1
0.259708 1
0.113776 1
0.840122 2
0.299948 118
0.743732 1
0.067837 1
0.824215 1
0.434352 1
0.245748 1
0.259807 1
0.095284 1
0.498112 2
0.002556 39
3.200637 1
0.209589 1
0.130659 1
0.146898 1
0.203325 2
0.000442 118
1.901257 1
0.125610 1
0.118342 1
0.446665 1
0.165916 1
0.138470 1
0.508930 4
0.165221 4
0.145259 4
1.122530 1
0.175061 1
0.216360 1
0.456985 4
0.152165 4
0.165045 4
0.454873 1
0.211946 1
0.184628 1
0.108091 1
0.145374 1
0.164488 1
0.081181 1
0.134168 1
0.286596 1
0.216839 1
0.143192 1
0.158268 1
0.529484 1
0.190786 1
0.105954 1
0.086847 1
0.250412 1
0.066004 1
0.159677 1
0.118000 1
0.086701 1
1.139974 1
0.221649 1
0.151079 1
0.111394 1
0.183041 1
0.124167 1
0.135345 1
0.168871 1
0.108375 1
0.155990 1
0.161971 2
0.001604 29
0.000968 118
1.379319 1
0.176443 1
0.108967 1
0.114270 1
0.130310 2
0.000172 6
