0.419882 118
4.405783 1
0.229196 1
0.615461 1
1.559108 1
0.247964 1
0.236245 1
0.091662 1
0.817915 4
0.154619 4
0.147750 4
1.088922 1
0.315617 1
0.043833 1
0.455956 2
0.002423 39
1.903539 1
0.105537 1
0.176505 1
0.210096 1
0.223562 1
0.330385 1
0.420526 1
2.101325 1
0.403475 1
0.252884 1
0.102058 1
0.384595 1
0.711034 1
0.200093 1
0.286667 1
0.644043 1
0.675712 1
0.529255 1
0.339083 46
0.008803 1
0.085154 1
0.166262 1
0.138155 1
0.606710 2
0.015433 246
0.000031 64
0.000014 68
0.000018 66
0.000033 124
0.000048 57
0.000016 57
0.000016 65
0.000037 62
0.000014 62
0.000013 76
0.000013 63
0.000031 113
0.000029 150
0.000031 73
0.000012 74
0.000105 17
1.302855 93
0.186116 74
0.000027 17
0.137644 77
0.000034 17
0.127890 76
0.000031 17
0.150018 77
0.000032 17
0.139734 63
0.000047 17
0.142859 95
0.133605 56
0.000081 17
0.137130 57
0.000024 17
0.138908 64
0.000026 17
0.145838 61
0.000072 17
0.151785 58
0.000032 17
0.139980 100
0.151324 43
0.000033 17
0.138569 81
0.149981 74
0.150457 55
0.000031 17
0.150311 57
0.000042 17
0.146116 57
0.000038 17
0.150574 63
0.000027 17
0.150926 58
0.000040 17
0.159553 58
0.000060 17
0.154388 56
0.000029 17
0.149877 57
0.000032 17
0.115842 58
0.000033 17
0.185818 4
0.000340 39
0.187211 41
1.022242 1
0.158353 1
0.097680 1
0.225777 1
0.001860 2
0.000680 118
1.909093 1
0.174395 1
0.092904 1
0.131461 1
0.094495 2
0.000181 6
