0.469883 118
3.754689 1
0.145898 1
0.367260 1
0.364012 1
0.252678 1
0.225745 1
0.082300 1
0.559989 2
0.002511 39
1.983461 1
0.145377 1
0.245100 1
0.304662 1
0.454878 1
0.142158 1
0.474982 1
0.884492 3
0.510704 3
0.036673 3
0.031869 3
0.033155 3
0.028797 3
0.033400 3
0.477930 1
0.130306 1
0.326530 1
0.071749 1
0.384010 1
0.129932 1
0.287497 1
0.405390 1
0.467265 1
0.913881 1
0.218474 1
0.162784 1
0.288406 1
0.266522 1
0.160000 46
0.060466 1
0.248322 1
0.939490 3
1.321687 1
0.227786 1
0.270838 1
0.242520 1
0.276123 2
0.030518 39
2.568184 1
0.102791 1
0.334502 2
0.002491 220
0.000270 39
1.406559 1
0.090300 1
0.151409 1
0.354908 1
0.182811 1
0.218906 1
0.086354 2
0.004351 10
0.000148 111
0.000020 55
0.000020 110
0.000020 55
0.000017 55
0.000020 51
0.000014 55
0.000019 110
0.000021 55
0.000017 55
0.000017 55
0.000016 56
0.000016 59
0.000056 117
0.000017 58
0.000013 2
0.000496 39
1.627526 1
0.535830 3
0.266387 1
0.269218 1
0.003390 1
0.069129 1
0.670548 1
0.235345 1
0.149409 1
0.249531 1
0.199192 1
0.109002 1
0.693408 1
0.192235 1
0.254804 1
0.315882 1
0.372555 2
0.001609 1069
0.000267 39
2.483307 1
0.174676 1
0.124468 1
0.108377 1
0.130050 2
0.000918 118
1.003867 1
0.173115 1
0.143216 1
0.152423 1
0.631189 4
0.137591 4
0.329435 1
0.117531 1
0.162171 2
0.000187 6
