0.478666 118
1.966126 1
0.087106 1
0.339017 1
0.340119 1
0.444814 1
0.261853 1
0.075355 1
0.525952 2
0.002525 39
1.079425 1
0.198198 1
0.070614 1
0.226869 1
0.196942 1
0.195033 1
0.100270 1
0.251128 1
0.117062 1
0.090431 1
0.189433 2
0.000340 55
1.975802 1
0.145928 1
0.378354 1
0.882355 1
0.298724 37
1.000478 26
0.000256 40
1.432080 1
0.126455 1
0.467519 1
0.480306 1
0.096430 46
0.109167 1
0.302342 1
1.890030 3
0.286568 2
0.000273 35
1.000467 26
0.000263 40
3.007633 1
0.188181 1
0.137239 1
0.162682 1
0.085911 2
0.000652 8
0.000032 39
2.314293 1
0.172228 1
0.115624 1
0.147068 1
0.098880 2
0.000829 118
1.008436 1
0.172345 1
0.092484 1
0.150242 1
0.101040 2
0.000171 6
